# vsim -debugDB -l run_bus_access_rw.log -voptargs="+access" -assertdebug -c test_bench -do "log -r /*;run -all;" 
# Start time: 00:41:12 on Nov 04,2025
# ** Note: (vsim-3812) Design is being optimized...
# ** Note: (vsim-8611) Generating debug db.
# ** Warning: (vopt-4308) Enabling visibility using +acc is recommended with debug flow.
# ** Note: (vsim-12126) Error and warning message counts have been restored: Errors=0, Warnings=1.
# //  Questa Intel Starter FPGA Edition-64
# //  Version 2024.3 linux_x86_64 Sep 10 2024
# //
# // Unpublished work. Copyright 2024 Siemens
# //
# // This material contains trade secrets or otherwise confidential information
# // owned by Siemens Industry Software Inc. or its affiliates (collectively,
# // "SISW"), or its licensors. Access to and use of this information is strictly
# // limited as set forth in the Customer's applicable agreements with SISW.
# //
# // This material may not be copied, distributed, or otherwise disclosed outside
# // of the Customer's facilities without the express written permission of SISW,
# // and may not be used in any way not expressly authorized by SISW.
# //
# Loading sv_std.std
# Loading work.test_bench(fast)
# ** Note: (vsim-8900) Creating design debug database vsim.dbg.
# log -r /*
# run -all
# 
# [TC] BUS.Access R/W
# [55000] [FAIL] UARTCR R/W exp=0x0001 act=0x0300
# [85000] [INFO] UARTFR = 0x0980
# 
# ==================== SUMMARY ====================
# PASS = 0, FAIL = 1
# =================================================
# 
# ** Fatal: Some tests FAILED
#    Time: 85 ns  Scope: test_bench File: ../tb/test_bench.v Line: 232
# ** Note: $finish    : ../tb/test_bench.v(232)
#    Time: 85 ns  Iteration: 1  Instance: /test_bench
# End time: 00:41:12 on Nov 04,2025, Elapsed time: 0:00:00
# Errors: 1, Warnings: 1
