# vsim -debugDB -l run_bus_back2back.log -voptargs="+access" -assertdebug -c test_bench -do "log -r /*;run -all;" 
# Start time: 17:20:36 on Nov 05,2025
# ** Note: (vsim-3813) Design is being optimized due to module recompilation...
# ** Note: (vsim-8611) Generating debug db.
# ** Warning: (vopt-4308) Enabling visibility using +acc is recommended with debug flow.
# ** Note: (vsim-12126) Error and warning message counts have been restored: Errors=0, Warnings=1.
# //  Questa Intel Starter FPGA Edition-64
# //  Version 2024.3 linux_x86_64 Sep 10 2024
# //
# // Unpublished work. Copyright 2024 Siemens
# //
# // This material contains trade secrets or otherwise confidential information
# // owned by Siemens Industry Software Inc. or its affiliates (collectively,
# // "SISW"), or its licensors. Access to and use of this information is strictly
# // limited as set forth in the Customer's applicable agreements with SISW.
# //
# // This material may not be copied, distributed, or otherwise disclosed outside
# // of the Customer's facilities without the express written permission of SISW,
# // and may not be used in any way not expressly authorized by SISW.
# //
# Loading sv_std.std
# Loading work.test_bench(fast)
# Loading work.Uart(fast)
# ** Note: (vsim-8900) Creating design debug database vsim.dbg.
# log -r /*
# run -all
# 
# ================ [TC] BUS.Back-to-Back ================
# [55000] [INFO] FR during back2back = 0x0090
# [115000] [FAIL] Back2Back CR rb exp=0x0003 act=0x0300
# [205000] [PASS] CR rb after rapid toggles = 0x0000
# ================ DONE BUS.Back-to-Back ================
# 
# 
# ==================== SUMMARY ====================
# PASS = 1, FAIL = 1
# =================================================
# 
# ** Fatal: Some tests FAILED
#    Time: 205 ns  Scope: test_bench File: ../tb/test_bench.v Line: 171
# ** Note: $finish    : ../tb/test_bench.v(171)
#    Time: 205 ns  Iteration: 1  Instance: /test_bench
# End time: 17:20:36 on Nov 05,2025, Elapsed time: 0:00:00
# Errors: 1, Warnings: 1
