# vsim -debugDB -l run_bus_decode_map.log -voptargs="+access" -assertdebug -c test_bench -do "log -r /*;run -all;" 
# Start time: 17:37:40 on Nov 05,2025
# ** Note: (vsim-3813) Design is being optimized due to module recompilation...
# ** Note: (vsim-8611) Generating debug db.
# ** Warning: (vopt-4308) Enabling visibility using +acc is recommended with debug flow.
# ** Note: (vsim-12126) Error and warning message counts have been restored: Errors=0, Warnings=1.
# //  Questa Intel Starter FPGA Edition-64
# //  Version 2024.3 linux_x86_64 Sep 10 2024
# //
# // Unpublished work. Copyright 2024 Siemens
# //
# // This material contains trade secrets or otherwise confidential information
# // owned by Siemens Industry Software Inc. or its affiliates (collectively,
# // "SISW"), or its licensors. Access to and use of this information is strictly
# // limited as set forth in the Customer's applicable agreements with SISW.
# //
# // This material may not be copied, distributed, or otherwise disclosed outside
# // of the Customer's facilities without the express written permission of SISW,
# // and may not be used in any way not expressly authorized by SISW.
# //
# Loading sv_std.std
# Loading work.test_bench(fast)
# Loading work.Uart(fast)
# ** Note: (vsim-8900) Creating design debug database vsim.dbg.
# log -r /*
# run -all
# 
# ================ [TC] BUS.DecodeMap ===================
# [145000] [FAIL] CR RW (ignore [9:8]) exp=0x0005 act=0x0300 mask=0xfcff
# [265000] [PASS] IBRD rb after LCR_H = 0x0010
# [295000] [PASS] FBRD rb after LCR_H = 0x0002
# [325000] [PASS] LCR_H rb = 0x0070
# [385000] [PASS] IFLS RW (6b only) -> 0x0012
# [565000] [PASS] IMSC RW (discover mask) -> 0x0000
# [625000] [PASS] FR RO write ignored
# [685000] [PASS] RIS RO write ignored
# [745000] [PASS] MIS RO write ignored
# [805000] [PASS] RIS after ICR no-pending = 0x0000
# [865000] [PASS] RSVD1 read 0 = 0x0000
# [925000] [PASS] RSVD2 read 0 = 0x0000
# ================ DONE BUS.DecodeMap ==================
# 
# 
# ==================== SUMMARY ====================
# PASS = 11, FAIL = 1
# =================================================
# 
# ** Fatal: Some tests FAILED
#    Time: 925 ns  Scope: test_bench File: ../tb/test_bench.v Line: 171
# ** Note: $finish    : ../tb/test_bench.v(171)
#    Time: 925 ns  Iteration: 1  Instance: /test_bench
# End time: 17:37:40 on Nov 05,2025, Elapsed time: 0:00:00
# Errors: 1, Warnings: 1
