# vsim -debugDB -l run_bus_access_write.log -voptargs="+access" -assertdebug -c test_bench -do "log -r /*;run -all;" 
# Start time: 17:23:53 on Nov 05,2025
# ** Note: (vsim-3813) Design is being optimized due to module recompilation...
# ** Note: (vsim-8611) Generating debug db.
# ** Warning: (vopt-4308) Enabling visibility using +acc is recommended with debug flow.
# ** Note: (vsim-12126) Error and warning message counts have been restored: Errors=0, Warnings=1.
# //  Questa Intel Starter FPGA Edition-64
# //  Version 2024.3 linux_x86_64 Sep 10 2024
# //
# // Unpublished work. Copyright 2024 Siemens
# //
# // This material contains trade secrets or otherwise confidential information
# // owned by Siemens Industry Software Inc. or its affiliates (collectively,
# // "SISW"), or its licensors. Access to and use of this information is strictly
# // limited as set forth in the Customer's applicable agreements with SISW.
# //
# // This material may not be copied, distributed, or otherwise disclosed outside
# // of the Customer's facilities without the express written permission of SISW,
# // and may not be used in any way not expressly authorized by SISW.
# //
# Loading sv_std.std
# Loading work.test_bench(fast)
# Loading work.Uart(fast)
# ** Note: (vsim-8900) Creating design debug database vsim.dbg.
# log -r /*
# run -all
# 
# ================ [TC] BUS.AccessWrite =================
# [115000] [PASS] RIS clean before test = 0x0000
# [175000] [PASS] CR wr 0001 rb (ignore [9:8]) -> 0x0001
# [235000] [PASS] CR wr 0000 rb (ignore [9:8]) -> 0x0000
# [295000] [PASS] CR wr 0301 rb (ignore [9:8]) -> 0x0301
# [355000] [PASS] FR is RO (write ignored), read FR : 0x0090
# [475000] [PASS] IBRD rb after LCR_H = 0x001b
# [505000] [PASS] FBRD rb after LCR_H = 0x0003
# [565000] [PASS] RIS after ICR (no pending) = 0x0000
# ================ DONE BUS.AccessWrite ================
# 
# 
# ==================== SUMMARY ====================
# PASS = 8, FAIL = 0
# =================================================
# 
# ** Note: $finish    : ../tb/test_bench.v(172)
#    Time: 565 ns  Iteration: 1  Instance: /test_bench
# End time: 17:23:53 on Nov 05,2025, Elapsed time: 0:00:00
# Errors: 0, Warnings: 1
