# vsim -debugDB -l run_intr_rx_bypass.log -voptargs="+access" -assertdebug -c test_bench -do "log -r /*;run -all;" 
# Start time: 02:18:38 on Nov 04,2025
# ** Note: (vsim-3813) Design is being optimized due to module recompilation...
# ** Note: (vsim-8611) Generating debug db.
# ** Warning: (vopt-4308) Enabling visibility using +acc is recommended with debug flow.
# ** Note: (vsim-12126) Error and warning message counts have been restored: Errors=0, Warnings=1.
# //  Questa Intel Starter FPGA Edition-64
# //  Version 2024.3 linux_x86_64 Sep 10 2024
# //
# // Unpublished work. Copyright 2024 Siemens
# //
# // This material contains trade secrets or otherwise confidential information
# // owned by Siemens Industry Software Inc. or its affiliates (collectively,
# // "SISW"), or its licensors. Access to and use of this information is strictly
# // limited as set forth in the Customer's applicable agreements with SISW.
# //
# // This material may not be copied, distributed, or otherwise disclosed outside
# // of the Customer's facilities without the express written permission of SISW,
# // and may not be used in any way not expressly authorized by SISW.
# //
# Loading sv_std.std
# Loading work.test_bench(fast)
# ** Note: (vsim-8900) Creating design debug database vsim.dbg.
# log -r /*
# run -all
# 
# [TC] RX interrupt — bypass (FEN=0)
# [115000] [PASS] RXRIS set (bypass) = 0x0010
# [115000] [FAIL] RXMIS set (unmasked) exp=0x0010 act=0x0000
# [205000] [PASS] RXRIS cleared = 0x0000
# [205000] [PASS] RXMIS cleared = 0x0000
# 
# ==================== SUMMARY ====================
# PASS = 3, FAIL = 1
# =================================================
# 
# ** Fatal: Some tests FAILED
#    Time: 205 ns  Scope: test_bench File: ../tb/test_bench.v Line: 375
# ** Note: $finish    : ../tb/test_bench.v(375)
#    Time: 205 ns  Iteration: 1  Instance: /test_bench
# End time: 02:18:38 on Nov 04,2025, Elapsed time: 0:00:00
# Errors: 1, Warnings: 1
