# vsim -debugDB -l run_intr_errors.log -voptargs="+access" -assertdebug -c test_bench -do "log -r /*;run -all;" 
# Start time: 10:35:06 on Nov 04,2025
# ** Note: (vsim-3812) Design is being optimized...
# ** Note: (vsim-8611) Generating debug db.
# ** Warning: (vopt-4308) Enabling visibility using +acc is recommended with debug flow.
# ** Note: (vopt-4301) Memory core inferred for signal 'rx_mem' width=8, depth=16, type=RAM at location ../rtl/Uart.v:93
# ** Note: (vsim-12126) Error and warning message counts have been restored: Errors=0, Warnings=1.
# //  Questa Intel Starter FPGA Edition-64
# //  Version 2024.3 linux_x86_64 Sep 10 2024
# //
# // Unpublished work. Copyright 2024 Siemens
# //
# // This material contains trade secrets or otherwise confidential information
# // owned by Siemens Industry Software Inc. or its affiliates (collectively,
# // "SISW"), or its licensors. Access to and use of this information is strictly
# // limited as set forth in the Customer's applicable agreements with SISW.
# //
# // This material may not be copied, distributed, or otherwise disclosed outside
# // of the Customer's facilities without the express written permission of SISW,
# // and may not be used in any way not expressly authorized by SISW.
# //
# Loading sv_std.std
# Loading work.test_bench(fast)
# Loading work.Uart(fast)
# ** Note: (vsim-8900) Creating design debug database vsim.dbg.
# log -r /*
# run -all
# 
# [TC] Error interrupts — FE/PE/BE/OE
# [55000] [FAIL] FERIS exp=0x0080 act=0x0000
# [55000] [FAIL] PERIS exp=0x0100 act=0x0000
# [55000] [FAIL] BERIS exp=0x0200 act=0x0000
# [55000] [FAIL] OERIS exp=0x0400 act=0x0000
# [115000] [PASS] All errors cleared = 0x0000
# 
# ==================== SUMMARY ====================
# PASS = 1, FAIL = 4
# =================================================
# 
# ** Fatal: Some tests FAILED
#    Time: 115 ns  Scope: test_bench File: ../tb/test_bench.v Line: 171
# ** Note: $finish    : ../tb/test_bench.v(171)
#    Time: 115 ns  Iteration: 1  Instance: /test_bench
# End time: 10:35:06 on Nov 04,2025, Elapsed time: 0:00:00
# Errors: 1, Warnings: 1
